{"C:\\Users\\User\\Documents\\SLIIT\\Year 3(2024)\\New(24)\\AF\\Assignment 02\\se3040-assignment02-IT21801136\\nasa-react-app\\src\\App.jsx": {"path":"C:\\Users\\User\\Documents\\SLIIT\\Year 3(2024)\\New(24)\\AF\\Assignment 02\\se3040-assignment02-IT21801136\\nasa-react-app\\src\\App.jsx","statementMap":{"0":{"start":{"line":15,"column":2},"end":{"line":34,"column":4}}},"fnMap":{"0":{"name":"App","decl":{"start":{"line":14,"column":9},"end":{"line":14,"column":12}},"loc":{"start":{"line":14,"column":15},"end":{"line":35,"column":1}},"line":14}},"branchMap":{},"s":{"0":0},"f":{"0":0},"b":{}}
,"C:\\Users\\User\\Documents\\SLIIT\\Year 3(2024)\\New(24)\\AF\\Assignment 02\\se3040-assignment02-IT21801136\\nasa-react-app\\src\\main.jsx": {"path":"C:\\Users\\User\\Documents\\SLIIT\\Year 3(2024)\\New(24)\\AF\\Assignment 02\\se3040-assignment02-IT21801136\\nasa-react-app\\src\\main.jsx","statementMap":{"0":{"start":{"line":6,"column":0},"end":{"line":10,"column":1}}},"fnMap":{},"branchMap":{},"s":{"0":0},"f":{},"b":{}}
,"C:\\Users\\User\\Documents\\SLIIT\\Year 3(2024)\\New(24)\\AF\\Assignment 02\\se3040-assignment02-IT21801136\\nasa-react-app\\src\\componets\\AstronomyPictureOfTheDay.jsx": {"path":"C:\\Users\\User\\Documents\\SLIIT\\Year 3(2024)\\New(24)\\AF\\Assignment 02\\se3040-assignment02-IT21801136\\nasa-react-app\\src\\componets\\AstronomyPictureOfTheDay.jsx","statementMap":{"0":{"start":{"line":9,"column":16},"end":{"line":9,"column":49}},"1":{"start":{"line":10,"column":17},"end":{"line":10,"column":39}},"2":{"start":{"line":13,"column":33},"end":{"line":82,"column":1}},"3":{"start":{"line":14,"column":42},"end":{"line":14,"column":54}},"4":{"start":{"line":15,"column":21},"end":{"line":15,"column":30}},"5":{"start":{"line":16,"column":19},"end":{"line":16,"column":32}},"6":{"start":{"line":17,"column":26},"end":{"line":17,"column":40}},"7":{"start":{"line":18,"column":28},"end":{"line":18,"column":42}},"8":{"start":{"line":21,"column":2},"end":{"line":47,"column":25}},"9":{"start":{"line":22,"column":18},"end":{"line":22,"column":56}},"10":{"start":{"line":23,"column":4},"end":{"line":27,"column":5}},"11":{"start":{"line":24,"column":6},"end":{"line":24,"column":20}},"12":{"start":{"line":25,"column":6},"end":{"line":25,"column":54}},"13":{"start":{"line":26,"column":6},"end":{"line":26,"column":13}},"14":{"start":{"line":30,"column":22},"end":{"line":43,"column":5}},"15":{"start":{"line":31,"column":6},"end":{"line":42,"column":7}},"16":{"start":{"line":33,"column":25},"end":{"line":35,"column":10}},"17":{"start":{"line":36,"column":8},"end":{"line":36,"column":31}},"18":{"start":{"line":37,"column":8},"end":{"line":37,"column":23}},"19":{"start":{"line":39,"column":8},"end":{"line":39,"column":53}},"20":{"start":{"line":40,"column":8},"end":{"line":40,"column":22}},"21":{"start":{"line":41,"column":8},"end":{"line":41,"column":79}},"22":{"start":{"line":46,"column":4},"end":{"line":46,"column":16}},"23":{"start":{"line":49,"column":27},"end":{"line":51,"column":3}},"24":{"start":{"line":50,"column":4},"end":{"line":50,"column":61}},"25":{"start":{"line":55,"column":2},"end":{"line":81,"column":4}}},"fnMap":{"0":{"name":"(anonymous_0)","decl":{"start":{"line":13,"column":33},"end":{"line":13,"column":34}},"loc":{"start":{"line":13,"column":39},"end":{"line":82,"column":1}},"line":13},"1":{"name":"(anonymous_1)","decl":{"start":{"line":21,"column":12},"end":{"line":21,"column":13}},"loc":{"start":{"line":21,"column":18},"end":{"line":47,"column":3}},"line":21},"2":{"name":"(anonymous_2)","decl":{"start":{"line":30,"column":22},"end":{"line":30,"column":23}},"loc":{"start":{"line":30,"column":34},"end":{"line":43,"column":5}},"line":30},"3":{"name":"(anonymous_3)","decl":{"start":{"line":49,"column":27},"end":{"line":49,"column":28}},"loc":{"start":{"line":49,"column":34},"end":{"line":51,"column":3}},"line":49}},"branchMap":{"0":{"loc":{"start":{"line":23,"column":4},"end":{"line":27,"column":5}},"type":"if","locations":[{"start":{"line":23,"column":4},"end":{"line":27,"column":5}},{"start":{},"end":{}}],"line":23},"1":{"loc":{"start":{"line":64,"column":7},"end":{"line":76,"column":7}},"type":"cond-expr","locations":[{"start":{"line":65,"column":8},"end":{"line":65,"column":47}},{"start":{"line":66,"column":10},"end":{"line":76,"column":7}}],"line":64},"2":{"loc":{"start":{"line":66,"column":10},"end":{"line":76,"column":7}},"type":"cond-expr","locations":[{"start":{"line":67,"column":8},"end":{"line":73,"column":14}},{"start":{"line":75,"column":8},"end":{"line":75,"column":25}}],"line":66}},"s":{"0":0,"1":0,"2":0,"3":0,"4":0,"5":0,"6":0,"7":0,"8":0,"9":0,"10":0,"11":0,"12":0,"13":0,"14":0,"15":0,"16":0,"17":0,"18":0,"19":0,"20":0,"21":0,"22":0,"23":0,"24":0,"25":0},"f":{"0":0,"1":0,"2":0,"3":0},"b":{"0":[0,0],"1":[0,0],"2":[0,0]}}
,"C:\\Users\\User\\Documents\\SLIIT\\Year 3(2024)\\New(24)\\AF\\Assignment 02\\se3040-assignment02-IT21801136\\nasa-react-app\\src\\componets\\Header.jsx": {"path":"C:\\Users\\User\\Documents\\SLIIT\\Year 3(2024)\\New(24)\\AF\\Assignment 02\\se3040-assignment02-IT21801136\\nasa-react-app\\src\\componets\\Header.jsx","statementMap":{"0":{"start":{"line":9,"column":15},"end":{"line":31,"column":1}},"1":{"start":{"line":10,"column":23},"end":{"line":10,"column":32}},"2":{"start":{"line":11,"column":21},"end":{"line":11,"column":34}},"3":{"start":{"line":14,"column":25},"end":{"line":17,"column":5}},"4":{"start":{"line":15,"column":8},"end":{"line":15,"column":17}},"5":{"start":{"line":16,"column":8},"end":{"line":16,"column":27}},"6":{"start":{"line":20,"column":4},"end":{"line":30,"column":6}}},"fnMap":{"0":{"name":"(anonymous_0)","decl":{"start":{"line":9,"column":15},"end":{"line":9,"column":16}},"loc":{"start":{"line":9,"column":21},"end":{"line":31,"column":1}},"line":9},"1":{"name":"(anonymous_1)","decl":{"start":{"line":14,"column":25},"end":{"line":14,"column":26}},"loc":{"start":{"line":14,"column":31},"end":{"line":17,"column":5}},"line":14}},"branchMap":{},"s":{"0":0,"1":0,"2":0,"3":0,"4":0,"5":0,"6":0},"f":{"0":0,"1":0},"b":{}}
,"C:\\Users\\User\\Documents\\SLIIT\\Year 3(2024)\\New(24)\\AF\\Assignment 02\\se3040-assignment02-IT21801136\\nasa-react-app\\src\\componets\\Homepage.jsx": {"path":"C:\\Users\\User\\Documents\\SLIIT\\Year 3(2024)\\New(24)\\AF\\Assignment 02\\se3040-assignment02-IT21801136\\nasa-react-app\\src\\componets\\Homepage.jsx","statementMap":{"0":{"start":{"line":10,"column":17},"end":{"line":44,"column":1}},"1":{"start":{"line":11,"column":4},"end":{"line":43,"column":6}}},"fnMap":{"0":{"name":"(anonymous_0)","decl":{"start":{"line":10,"column":17},"end":{"line":10,"column":18}},"loc":{"start":{"line":10,"column":23},"end":{"line":44,"column":1}},"line":10}},"branchMap":{},"s":{"0":1,"1":1},"f":{"0":1},"b":{},"_coverageSchema":"1a1c01bbd47fc00a2c39e90264f33305004495a9","hash":"91eb09dc1a4fdfcec592a12b8a5649143f71acb8"}
,"C:\\Users\\User\\Documents\\SLIIT\\Year 3(2024)\\New(24)\\AF\\Assignment 02\\se3040-assignment02-IT21801136\\nasa-react-app\\src\\componets\\Login.jsx": {"path":"C:\\Users\\User\\Documents\\SLIIT\\Year 3(2024)\\New(24)\\AF\\Assignment 02\\se3040-assignment02-IT21801136\\nasa-react-app\\src\\componets\\Login.jsx","statementMap":{"0":{"start":{"line":7,"column":36},"end":{"line":7,"column":48}},"1":{"start":{"line":8,"column":36},"end":{"line":8,"column":48}},"2":{"start":{"line":9,"column":30},"end":{"line":9,"column":42}},"3":{"start":{"line":10,"column":22},"end":{"line":10,"column":31}},"4":{"start":{"line":11,"column":21},"end":{"line":11,"column":34}},"5":{"start":{"line":14,"column":25},"end":{"line":22,"column":5}},"6":{"start":{"line":15,"column":8},"end":{"line":15,"column":27}},"7":{"start":{"line":16,"column":8},"end":{"line":21,"column":9}},"8":{"start":{"line":17,"column":12},"end":{"line":17,"column":44}},"9":{"start":{"line":18,"column":12},"end":{"line":18,"column":30}},"10":{"start":{"line":20,"column":12},"end":{"line":20,"column":36}},"11":{"start":{"line":24,"column":4},"end":{"line":43,"column":6}},"12":{"start":{"line":31,"column":98},"end":{"line":31,"column":125}},"13":{"start":{"line":35,"column":129},"end":{"line":35,"column":156}}},"fnMap":{"0":{"name":"Login","decl":{"start":{"line":6,"column":9},"end":{"line":6,"column":14}},"loc":{"start":{"line":6,"column":17},"end":{"line":44,"column":1}},"line":6},"1":{"name":"(anonymous_1)","decl":{"start":{"line":14,"column":25},"end":{"line":14,"column":26}},"loc":{"start":{"line":14,"column":38},"end":{"line":22,"column":5}},"line":14},"2":{"name":"(anonymous_2)","decl":{"start":{"line":31,"column":91},"end":{"line":31,"column":92}},"loc":{"start":{"line":31,"column":98},"end":{"line":31,"column":125}},"line":31},"3":{"name":"(anonymous_3)","decl":{"start":{"line":35,"column":122},"end":{"line":35,"column":123}},"loc":{"start":{"line":35,"column":129},"end":{"line":35,"column":156}},"line":35}},"branchMap":{"0":{"loc":{"start":{"line":37,"column":17},"end":{"line":37,"column":65}},"type":"binary-expr","locations":[{"start":{"line":37,"column":17},"end":{"line":37,"column":22}},{"start":{"line":37,"column":26},"end":{"line":37,"column":65}}],"line":37}},"s":{"0":0,"1":0,"2":0,"3":0,"4":0,"5":0,"6":0,"7":0,"8":0,"9":0,"10":0,"11":0,"12":0,"13":0},"f":{"0":0,"1":0,"2":0,"3":0},"b":{"0":[0,0]}}
,"C:\\Users\\User\\Documents\\SLIIT\\Year 3(2024)\\New(24)\\AF\\Assignment 02\\se3040-assignment02-IT21801136\\nasa-react-app\\src\\componets\\MarsRoverPhotos.jsx": {"path":"C:\\Users\\User\\Documents\\SLIIT\\Year 3(2024)\\New(24)\\AF\\Assignment 02\\se3040-assignment02-IT21801136\\nasa-react-app\\src\\componets\\MarsRoverPhotos.jsx","statementMap":{"0":{"start":{"line":8,"column":24},"end":{"line":142,"column":1}},"1":{"start":{"line":9,"column":42},"end":{"line":9,"column":54}},"2":{"start":{"line":10,"column":30},"end":{"line":10,"column":42}},"3":{"start":{"line":11,"column":28},"end":{"line":11,"column":42}},"4":{"start":{"line":12,"column":21},"end":{"line":12,"column":30}},"5":{"start":{"line":13,"column":19},"end":{"line":13,"column":32}},"6":{"start":{"line":16,"column":23},"end":{"line":40,"column":3}},"7":{"start":{"line":43,"column":2},"end":{"line":75,"column":20}},"8":{"start":{"line":44,"column":23},"end":{"line":72,"column":5}},"9":{"start":{"line":45,"column":6},"end":{"line":71,"column":7}},"10":{"start":{"line":46,"column":8},"end":{"line":49,"column":9}},"11":{"start":{"line":47,"column":10},"end":{"line":47,"column":43}},"12":{"start":{"line":48,"column":10},"end":{"line":48,"column":17}},"13":{"start":{"line":50,"column":21},"end":{"line":55,"column":10}},"14":{"start":{"line":56,"column":8},"end":{"line":62,"column":9}},"15":{"start":{"line":57,"column":10},"end":{"line":57,"column":57}},"16":{"start":{"line":58,"column":10},"end":{"line":58,"column":24}},"17":{"start":{"line":60,"column":10},"end":{"line":60,"column":26}},"18":{"start":{"line":61,"column":10},"end":{"line":61,"column":25}},"19":{"start":{"line":64,"column":8},"end":{"line":68,"column":9}},"20":{"start":{"line":65,"column":10},"end":{"line":65,"column":65}},"21":{"start":{"line":67,"column":10},"end":{"line":67,"column":56}},"22":{"start":{"line":69,"column":8},"end":{"line":69,"column":47}},"23":{"start":{"line":70,"column":8},"end":{"line":70,"column":22}},"24":{"start":{"line":74,"column":4},"end":{"line":74,"column":17}},"25":{"start":{"line":77,"column":23},"end":{"line":79,"column":3}},"26":{"start":{"line":77,"column":34},"end":{"line":79,"column":3}},"27":{"start":{"line":78,"column":4},"end":{"line":78,"column":68}},"28":{"start":{"line":81,"column":2},"end":{"line":141,"column":4}},"29":{"start":{"line":123,"column":14},"end":{"line":123,"column":78}},"30":{"start":{"line":133,"column":12},"end":{"line":133,"column":133}}},"fnMap":{"0":{"name":"(anonymous_0)","decl":{"start":{"line":8,"column":24},"end":{"line":8,"column":25}},"loc":{"start":{"line":8,"column":30},"end":{"line":142,"column":1}},"line":8},"1":{"name":"(anonymous_1)","decl":{"start":{"line":43,"column":12},"end":{"line":43,"column":13}},"loc":{"start":{"line":43,"column":18},"end":{"line":75,"column":3}},"line":43},"2":{"name":"(anonymous_2)","decl":{"start":{"line":44,"column":23},"end":{"line":44,"column":24}},"loc":{"start":{"line":44,"column":35},"end":{"line":72,"column":5}},"line":44},"3":{"name":"(anonymous_3)","decl":{"start":{"line":77,"column":23},"end":{"line":77,"column":24}},"loc":{"start":{"line":77,"column":34},"end":{"line":79,"column":3}},"line":77},"4":{"name":"(anonymous_4)","decl":{"start":{"line":77,"column":34},"end":{"line":77,"column":35}},"loc":{"start":{"line":77,"column":45},"end":{"line":79,"column":3}},"line":77},"5":{"name":"(anonymous_5)","decl":{"start":{"line":122,"column":50},"end":{"line":122,"column":51}},"loc":{"start":{"line":123,"column":14},"end":{"line":123,"column":78}},"line":123},"6":{"name":"(anonymous_6)","decl":{"start":{"line":132,"column":21},"end":{"line":132,"column":22}},"loc":{"start":{"line":133,"column":12},"end":{"line":133,"column":133}},"line":133}},"branchMap":{"0":{"loc":{"start":{"line":46,"column":8},"end":{"line":49,"column":9}},"type":"if","locations":[{"start":{"line":46,"column":8},"end":{"line":49,"column":9}},{"start":{},"end":{}}],"line":46},"1":{"loc":{"start":{"line":46,"column":12},"end":{"line":46,"column":59}},"type":"binary-expr","locations":[{"start":{"line":46,"column":12},"end":{"line":46,"column":35}},{"start":{"line":46,"column":39},"end":{"line":46,"column":59}}],"line":46},"2":{"loc":{"start":{"line":56,"column":8},"end":{"line":62,"column":9}},"type":"if","locations":[{"start":{"line":56,"column":8},"end":{"line":62,"column":9}},{"start":{"line":59,"column":15},"end":{"line":62,"column":9}}],"line":56},"3":{"loc":{"start":{"line":64,"column":8},"end":{"line":68,"column":9}},"type":"if","locations":[{"start":{"line":64,"column":8},"end":{"line":68,"column":9}},{"start":{"line":66,"column":15},"end":{"line":68,"column":9}}],"line":64},"4":{"loc":{"start":{"line":64,"column":12},"end":{"line":64,"column":59}},"type":"binary-expr","locations":[{"start":{"line":64,"column":12},"end":{"line":64,"column":26}},{"start":{"line":64,"column":30},"end":{"line":64,"column":59}}],"line":64},"5":{"loc":{"start":{"line":89,"column":19},"end":{"line":89,"column":47}},"type":"binary-expr","locations":[{"start":{"line":89,"column":19},"end":{"line":89,"column":41}},{"start":{"line":89,"column":45},"end":{"line":89,"column":47}}],"line":89},"6":{"loc":{"start":{"line":101,"column":19},"end":{"line":101,"column":42}},"type":"binary-expr","locations":[{"start":{"line":101,"column":19},"end":{"line":101,"column":36}},{"start":{"line":101,"column":40},"end":{"line":101,"column":42}}],"line":101},"7":{"loc":{"start":{"line":117,"column":19},"end":{"line":117,"column":43}},"type":"binary-expr","locations":[{"start":{"line":117,"column":19},"end":{"line":117,"column":37}},{"start":{"line":117,"column":41},"end":{"line":117,"column":43}}],"line":117},"8":{"loc":{"start":{"line":129,"column":9},"end":{"line":135,"column":9}},"type":"cond-expr","locations":[{"start":{"line":130,"column":10},"end":{"line":130,"column":61}},{"start":{"line":132,"column":10},"end":{"line":134,"column":12}}],"line":129}},"s":{"0":0,"1":0,"2":0,"3":0,"4":0,"5":0,"6":0,"7":0,"8":0,"9":0,"10":0,"11":0,"12":0,"13":0,"14":0,"15":0,"16":0,"17":0,"18":0,"19":0,"20":0,"21":0,"22":0,"23":0,"24":0,"25":0,"26":0,"27":0,"28":0,"29":0,"30":0},"f":{"0":0,"1":0,"2":0,"3":0,"4":0,"5":0,"6":0},"b":{"0":[0,0],"1":[0,0],"2":[0,0],"3":[0,0],"4":[0,0],"5":[0,0],"6":[0,0],"7":[0,0],"8":[0,0]}}
,"C:\\Users\\User\\Documents\\SLIIT\\Year 3(2024)\\New(24)\\AF\\Assignment 02\\se3040-assignment02-IT21801136\\nasa-react-app\\src\\componets\\Navigation.jsx": {"path":"C:\\Users\\User\\Documents\\SLIIT\\Year 3(2024)\\New(24)\\AF\\Assignment 02\\se3040-assignment02-IT21801136\\nasa-react-app\\src\\componets\\Navigation.jsx","statementMap":{"0":{"start":{"line":5,"column":19},"end":{"line":15,"column":1}},"1":{"start":{"line":7,"column":2},"end":{"line":14,"column":4}}},"fnMap":{"0":{"name":"(anonymous_0)","decl":{"start":{"line":5,"column":19},"end":{"line":5,"column":20}},"loc":{"start":{"line":5,"column":25},"end":{"line":15,"column":1}},"line":5}},"branchMap":{},"s":{"0":0,"1":0},"f":{"0":0},"b":{}}
,"C:\\Users\\User\\Documents\\SLIIT\\Year 3(2024)\\New(24)\\AF\\Assignment 02\\se3040-assignment02-IT21801136\\nasa-react-app\\src\\componets\\ProtectedRoute.jsx": {"path":"C:\\Users\\User\\Documents\\SLIIT\\Year 3(2024)\\New(24)\\AF\\Assignment 02\\se3040-assignment02-IT21801136\\nasa-react-app\\src\\componets\\ProtectedRoute.jsx","statementMap":{"0":{"start":{"line":7,"column":21},"end":{"line":7,"column":30}},"1":{"start":{"line":10,"column":4},"end":{"line":12,"column":5}},"2":{"start":{"line":11,"column":8},"end":{"line":11,"column":48}},"3":{"start":{"line":15,"column":4},"end":{"line":15,"column":22}}},"fnMap":{"0":{"name":"ProtectedRoute","decl":{"start":{"line":6,"column":9},"end":{"line":6,"column":23}},"loc":{"start":{"line":6,"column":26},"end":{"line":16,"column":1}},"line":6}},"branchMap":{"0":{"loc":{"start":{"line":10,"column":4},"end":{"line":12,"column":5}},"type":"if","locations":[{"start":{"line":10,"column":4},"end":{"line":12,"column":5}},{"start":{},"end":{}}],"line":10}},"s":{"0":0,"1":0,"2":0,"3":0},"f":{"0":0},"b":{"0":[0,0]}}
,"C:\\Users\\User\\Documents\\SLIIT\\Year 3(2024)\\New(24)\\AF\\Assignment 02\\se3040-assignment02-IT21801136\\nasa-react-app\\src\\componets\\Register.jsx": {"path":"C:\\Users\\User\\Documents\\SLIIT\\Year 3(2024)\\New(24)\\AF\\Assignment 02\\se3040-assignment02-IT21801136\\nasa-react-app\\src\\componets\\Register.jsx","statementMap":{"0":{"start":{"line":7,"column":36},"end":{"line":7,"column":48}},"1":{"start":{"line":8,"column":36},"end":{"line":8,"column":48}},"2":{"start":{"line":9,"column":21},"end":{"line":9,"column":34}},"3":{"start":{"line":11,"column":25},"end":{"line":19,"column":5}},"4":{"start":{"line":12,"column":8},"end":{"line":12,"column":27}},"5":{"start":{"line":13,"column":8},"end":{"line":18,"column":9}},"6":{"start":{"line":14,"column":12},"end":{"line":14,"column":96}},"7":{"start":{"line":15,"column":12},"end":{"line":15,"column":31}},"8":{"start":{"line":17,"column":12},"end":{"line":17,"column":55}},"9":{"start":{"line":21,"column":4},"end":{"line":40,"column":6}},"10":{"start":{"line":27,"column":98},"end":{"line":27,"column":125}},"11":{"start":{"line":31,"column":103},"end":{"line":31,"column":130}},"12":{"start":{"line":34,"column":71},"end":{"line":34,"column":89}}},"fnMap":{"0":{"name":"Register","decl":{"start":{"line":6,"column":9},"end":{"line":6,"column":17}},"loc":{"start":{"line":6,"column":20},"end":{"line":41,"column":1}},"line":6},"1":{"name":"(anonymous_1)","decl":{"start":{"line":11,"column":25},"end":{"line":11,"column":26}},"loc":{"start":{"line":11,"column":38},"end":{"line":19,"column":5}},"line":11},"2":{"name":"(anonymous_2)","decl":{"start":{"line":27,"column":91},"end":{"line":27,"column":92}},"loc":{"start":{"line":27,"column":98},"end":{"line":27,"column":125}},"line":27},"3":{"name":"(anonymous_3)","decl":{"start":{"line":31,"column":96},"end":{"line":31,"column":97}},"loc":{"start":{"line":31,"column":103},"end":{"line":31,"column":130}},"line":31},"4":{"name":"(anonymous_4)","decl":{"start":{"line":34,"column":65},"end":{"line":34,"column":66}},"loc":{"start":{"line":34,"column":71},"end":{"line":34,"column":89}},"line":34}},"branchMap":{},"s":{"0":0,"1":0,"2":0,"3":0,"4":0,"5":0,"6":0,"7":0,"8":0,"9":0,"10":0,"11":0,"12":0},"f":{"0":0,"1":0,"2":0,"3":0,"4":0},"b":{}}
,"C:\\Users\\User\\Documents\\SLIIT\\Year 3(2024)\\New(24)\\AF\\Assignment 02\\se3040-assignment02-IT21801136\\nasa-react-app\\src\\contexts\\AuthContext.jsx": {"path":"C:\\Users\\User\\Documents\\SLIIT\\Year 3(2024)\\New(24)\\AF\\Assignment 02\\se3040-assignment02-IT21801136\\nasa-react-app\\src\\contexts\\AuthContext.jsx","statementMap":{"0":{"start":{"line":4,"column":20},"end":{"line":4,"column":39}},"1":{"start":{"line":7,"column":28},"end":{"line":57,"column":1}},"2":{"start":{"line":8,"column":28},"end":{"line":10,"column":6}},"3":{"start":{"line":9,"column":8},"end":{"line":9,"column":56}},"4":{"start":{"line":13,"column":18},"end":{"line":36,"column":5}},"5":{"start":{"line":14,"column":8},"end":{"line":35,"column":9}},"6":{"start":{"line":15,"column":29},"end":{"line":15,"column":109}},"7":{"start":{"line":16,"column":58},"end":{"line":16,"column":71}},"8":{"start":{"line":19,"column":29},"end":{"line":23,"column":13}},"9":{"start":{"line":25,"column":12},"end":{"line":25,"column":30}},"10":{"start":{"line":26,"column":12},"end":{"line":26,"column":67}},"11":{"start":{"line":28,"column":12},"end":{"line":34,"column":13}},"12":{"start":{"line":29,"column":16},"end":{"line":29,"column":89}},"13":{"start":{"line":30,"column":19},"end":{"line":34,"column":13}},"14":{"start":{"line":31,"column":16},"end":{"line":31,"column":59}},"15":{"start":{"line":33,"column":16},"end":{"line":33,"column":56}},"16":{"start":{"line":39,"column":19},"end":{"line":42,"column":5}},"17":{"start":{"line":40,"column":8},"end":{"line":40,"column":22}},"18":{"start":{"line":41,"column":8},"end":{"line":41,"column":40}},"19":{"start":{"line":45,"column":4},"end":{"line":50,"column":11}},"20":{"start":{"line":46,"column":27},"end":{"line":46,"column":67}},"21":{"start":{"line":47,"column":8},"end":{"line":49,"column":9}},"22":{"start":{"line":48,"column":12},"end":{"line":48,"column":21}},"23":{"start":{"line":52,"column":4},"end":{"line":56,"column":6}},"24":{"start":{"line":59,"column":23},"end":{"line":59,"column":52}},"25":{"start":{"line":59,"column":29},"end":{"line":59,"column":52}}},"fnMap":{"0":{"name":"(anonymous_0)","decl":{"start":{"line":7,"column":28},"end":{"line":7,"column":29}},"loc":{"start":{"line":7,"column":46},"end":{"line":57,"column":1}},"line":7},"1":{"name":"(anonymous_1)","decl":{"start":{"line":8,"column":37},"end":{"line":8,"column":38}},"loc":{"start":{"line":8,"column":43},"end":{"line":10,"column":5}},"line":8},"2":{"name":"(anonymous_2)","decl":{"start":{"line":13,"column":18},"end":{"line":13,"column":19}},"loc":{"start":{"line":13,"column":48},"end":{"line":36,"column":5}},"line":13},"3":{"name":"(anonymous_3)","decl":{"start":{"line":39,"column":19},"end":{"line":39,"column":20}},"loc":{"start":{"line":39,"column":25},"end":{"line":42,"column":5}},"line":39},"4":{"name":"(anonymous_4)","decl":{"start":{"line":45,"column":14},"end":{"line":45,"column":15}},"loc":{"start":{"line":45,"column":20},"end":{"line":50,"column":5}},"line":45},"5":{"name":"(anonymous_5)","decl":{"start":{"line":59,"column":23},"end":{"line":59,"column":24}},"loc":{"start":{"line":59,"column":29},"end":{"line":59,"column":52}},"line":59}},"branchMap":{"0":{"loc":{"start":{"line":28,"column":12},"end":{"line":34,"column":13}},"type":"if","locations":[{"start":{"line":28,"column":12},"end":{"line":34,"column":13}},{"start":{"line":30,"column":19},"end":{"line":34,"column":13}}],"line":28},"1":{"loc":{"start":{"line":29,"column":32},"end":{"line":29,"column":87}},"type":"binary-expr","locations":[{"start":{"line":29,"column":32},"end":{"line":29,"column":59}},{"start":{"line":29,"column":63},"end":{"line":29,"column":87}}],"line":29},"2":{"loc":{"start":{"line":30,"column":19},"end":{"line":34,"column":13}},"type":"if","locations":[{"start":{"line":30,"column":19},"end":{"line":34,"column":13}},{"start":{"line":32,"column":19},"end":{"line":34,"column":13}}],"line":30},"3":{"loc":{"start":{"line":47,"column":8},"end":{"line":49,"column":9}},"type":"if","locations":[{"start":{"line":47,"column":8},"end":{"line":49,"column":9}},{"start":{},"end":{}}],"line":47},"4":{"loc":{"start":{"line":47,"column":12},"end":{"line":47,"column":80}},"type":"binary-expr","locations":[{"start":{"line":47,"column":12},"end":{"line":47,"column":22}},{"start":{"line":47,"column":26},"end":{"line":47,"column":80}}],"line":47}},"s":{"0":0,"1":0,"2":0,"3":0,"4":0,"5":0,"6":0,"7":0,"8":0,"9":0,"10":0,"11":0,"12":0,"13":0,"14":0,"15":0,"16":0,"17":0,"18":0,"19":0,"20":0,"21":0,"22":0,"23":0,"24":0,"25":0},"f":{"0":0,"1":0,"2":0,"3":0,"4":0,"5":0},"b":{"0":[0,0],"1":[0,0],"2":[0,0],"3":[0,0],"4":[0,0]}}
,"C:\\Users\\User\\Documents\\SLIIT\\Year 3(2024)\\New(24)\\AF\\Assignment 02\\se3040-assignment02-IT21801136\\nasa-react-app\\src\\contexts\\SessionContext.jsx": {"path":"C:\\Users\\User\\Documents\\SLIIT\\Year 3(2024)\\New(24)\\AF\\Assignment 02\\se3040-assignment02-IT21801136\\nasa-react-app\\src\\contexts\\SessionContext.jsx","statementMap":{"0":{"start":{"line":4,"column":23},"end":{"line":4,"column":38}},"1":{"start":{"line":7,"column":31},"end":{"line":33,"column":1}},"2":{"start":{"line":9,"column":40},"end":{"line":19,"column":4}},"3":{"start":{"line":11,"column":22},"end":{"line":11,"column":57}},"4":{"start":{"line":13,"column":4},"end":{"line":18,"column":6}},"5":{"start":{"line":22,"column":2},"end":{"line":25,"column":20}},"6":{"start":{"line":24,"column":4},"end":{"line":24,"column":69}},"7":{"start":{"line":27,"column":2},"end":{"line":32,"column":4}},"8":{"start":{"line":36,"column":26},"end":{"line":36,"column":58}},"9":{"start":{"line":36,"column":32},"end":{"line":36,"column":58}}},"fnMap":{"0":{"name":"(anonymous_0)","decl":{"start":{"line":7,"column":31},"end":{"line":7,"column":32}},"loc":{"start":{"line":7,"column":49},"end":{"line":33,"column":1}},"line":7},"1":{"name":"(anonymous_1)","decl":{"start":{"line":9,"column":49},"end":{"line":9,"column":50}},"loc":{"start":{"line":9,"column":55},"end":{"line":19,"column":3}},"line":9},"2":{"name":"(anonymous_2)","decl":{"start":{"line":22,"column":12},"end":{"line":22,"column":13}},"loc":{"start":{"line":22,"column":18},"end":{"line":25,"column":3}},"line":22},"3":{"name":"(anonymous_3)","decl":{"start":{"line":36,"column":26},"end":{"line":36,"column":27}},"loc":{"start":{"line":36,"column":32},"end":{"line":36,"column":58}},"line":36}},"branchMap":{"0":{"loc":{"start":{"line":13,"column":11},"end":{"line":18,"column":5}},"type":"cond-expr","locations":[{"start":{"line":13,"column":23},"end":{"line":13,"column":44}},{"start":{"line":13,"column":47},"end":{"line":18,"column":5}}],"line":13}},"s":{"0":0,"1":0,"2":0,"3":0,"4":0,"5":0,"6":0,"7":0,"8":0,"9":0},"f":{"0":0,"1":0,"2":0,"3":0},"b":{"0":[0,0]}}
,"C:\\Users\\User\\Documents\\SLIIT\\Year 3(2024)\\New(24)\\AF\\Assignment 02\\se3040-assignment02-IT21801136\\nasa-react-app\\src\\services\\nasaAPI.js": {"path":"C:\\Users\\User\\Documents\\SLIIT\\Year 3(2024)\\New(24)\\AF\\Assignment 02\\se3040-assignment02-IT21801136\\nasa-react-app\\src\\services\\nasaAPI.js","statementMap":{"0":{"start":{"line":5,"column":16},"end":{"line":5,"column":49}},"1":{"start":{"line":6,"column":17},"end":{"line":6,"column":39}},"2":{"start":{"line":9,"column":25},"end":{"line":17,"column":1}},"3":{"start":{"line":10,"column":4},"end":{"line":16,"column":5}},"4":{"start":{"line":11,"column":25},"end":{"line":11,"column":102}},"5":{"start":{"line":12,"column":8},"end":{"line":12,"column":29}},"6":{"start":{"line":14,"column":8},"end":{"line":14,"column":27}},"7":{"start":{"line":15,"column":8},"end":{"line":15,"column":20}},"8":{"start":{"line":20,"column":36},"end":{"line":37,"column":1}},"9":{"start":{"line":21,"column":4},"end":{"line":36,"column":5}},"10":{"start":{"line":22,"column":23},"end":{"line":27,"column":9}},"11":{"start":{"line":28,"column":8},"end":{"line":28,"column":43}},"12":{"start":{"line":28,"column":20},"end":{"line":28,"column":43}},"13":{"start":{"line":30,"column":25},"end":{"line":30,"column":109}},"14":{"start":{"line":31,"column":8},"end":{"line":31,"column":52}},"15":{"start":{"line":32,"column":8},"end":{"line":32,"column":36}},"16":{"start":{"line":34,"column":8},"end":{"line":34,"column":66}},"17":{"start":{"line":35,"column":8},"end":{"line":35,"column":20}}},"fnMap":{"0":{"name":"(anonymous_0)","decl":{"start":{"line":9,"column":25},"end":{"line":9,"column":26}},"loc":{"start":{"line":9,"column":41},"end":{"line":17,"column":1}},"line":9},"1":{"name":"(anonymous_1)","decl":{"start":{"line":20,"column":36},"end":{"line":20,"column":37}},"loc":{"start":{"line":20,"column":87},"end":{"line":37,"column":1}},"line":20}},"branchMap":{"0":{"loc":{"start":{"line":20,"column":72},"end":{"line":20,"column":80}},"type":"default-arg","locations":[{"start":{"line":20,"column":79},"end":{"line":20,"column":80}}],"line":20},"1":{"loc":{"start":{"line":28,"column":8},"end":{"line":28,"column":43}},"type":"if","locations":[{"start":{"line":28,"column":8},"end":{"line":28,"column":43}},{"start":{},"end":{}}],"line":28}},"s":{"0":0,"1":0,"2":0,"3":0,"4":0,"5":0,"6":0,"7":0,"8":0,"9":0,"10":0,"11":0,"12":0,"13":0,"14":0,"15":0,"16":0,"17":0},"f":{"0":0,"1":0},"b":{"0":[0],"1":[0,0]}}
}
